2009-06-22 14:06:31 Debug: Notice (8): Undefined index:  User in [CORE\cake\libs\controller\components\auth.php, line 307]
2009-06-22 14:07:05 Debug: Notice (8): Undefined index:  User in [CORE\cake\libs\controller\components\auth.php, line 306]
2009-06-23 06:44:41 Debug: Notice (8): Undefined variable: val in [APP\views\vehicle_categories\index.ctp, line 5]
2009-06-23 07:48:33 Debug: Notice (8): Undefined property:  QuotationsController::$VehicleModel in [APP\controllers\quotations_controller.php, line 57]
2009-06-23 07:57:48 Debug: Notice (8): Undefined variable: model in [APP\views\quotations\add.ctp, line 17]
2009-06-23 08:02:36 Debug: Notice (8): Undefined index:  suppliers in [APP\views\quotations\index.ctp, line 54]
2009-06-23 08:03:02 Debug: Notice (8): Undefined index:  supplier_id in [APP\views\quotations\index.ctp, line 54]
2009-06-23 08:03:11 Debug: Notice (8): Undefined index:  supplier_id in [APP\views\quotations\index.ctp, line 54]
2009-06-23 09:11:33 Debug: Notice (8): Undefined variable: model in [APP\views\quotations\add.ctp, line 17]
2009-06-23 09:12:18 Debug: Notice (8): Undefined variable: model in [APP\views\quotations\add.ctp, line 17]
2009-06-23 09:12:40 Debug: Notice (8): Undefined variable: model in [APP\views\quotations\add.ctp, line 17]
2009-06-23 09:13:04 Debug: Notice (8): Undefined variable: model in [APP\views\quotations\add.ctp, line 17]
2009-06-23 09:13:22 Debug: Notice (8): Undefined variable: model in [APP\views\quotations\add.ctp, line 17]
2009-06-23 09:14:52 Debug: Notice (8): Undefined variable: model in [APP\views\quotations\add.ctp, line 17]
2009-06-23 09:15:07 Debug: Notice (8): Undefined variable: model in [APP\views\quotations\add.ctp, line 17]
2009-06-23 09:15:23 Debug: Notice (8): Undefined variable: model in [APP\views\quotations\add.ctp, line 17]
2009-06-23 09:18:28 Debug: Notice (8): Undefined variable: model in [APP\views\quotations\add.ctp, line 17]
2009-06-23 09:20:40 Debug: Notice (8): Undefined variable: model in [APP\views\quotations\add.ctp, line 17]
2009-06-23 09:29:37 Debug: Notice (8): Undefined property:  QuotationsController::$Supplier in [APP\controllers\quotations_controller.php, line 57]
2009-06-23 09:30:25 Debug: Notice (8): Undefined variable: model in [APP\views\quotations\add.ctp, line 17]
2009-06-23 11:21:22 Debug: Notice (8): Undefined property:  QuotationDetailsController::$QuotationDetails in [APP\controllers\quotation_details_controller.php, line 25]
2009-06-23 11:29:47 Debug: Notice (8): Undefined index:  quotations_id in [APP\views\quotation_details\index.ctp, line 35]
2009-06-24 06:36:56 Debug: Notice (8): Undefined variable: quotation in [APP\controllers\quotations_controller.php, line 28]
2009-06-24 06:37:12 Debug: Notice (8): Undefined index:  QuotationDetails in [APP\controllers\quotations_controller.php, line 28]
2009-06-24 06:37:25 Debug: Notice (8): Undefined index:  QuotationDetail in [APP\controllers\quotations_controller.php, line 28]
2009-06-24 06:45:10 Debug: Notice (8): Undefined offset:  0 in [APP\controllers\quotations_controller.php, line 30]
2009-06-24 06:45:36 Debug: Notice (8): Undefined index:  id in [APP\controllers\quotations_controller.php, line 30]
2009-06-24 06:47:51 Debug: Notice (8): Undefined index:  id in [APP\controllers\quotations_controller.php, line 31]
2009-06-24 07:13:56 Debug: Notice (8): Undefined variable: qdt in [APP\controllers\quotations_controller.php, line 31]
2009-06-24 07:14:07 Debug: Notice (8): Undefined index:  Quotation in [APP\controllers\quotations_controller.php, line 31]
2009-06-24 07:14:26 Debug: Notice (8): Undefined index:  Quotation in [APP\controllers\quotations_controller.php, line 35]
2009-06-24 07:17:14 Debug: Notice (8): Undefined offset:  0 in [APP\controllers\quotations_controller.php, line 39]
2009-06-24 10:28:15 Debug: Notice (8): Undefined property:  QdetailVehicledescsController::$Pagination in [APP\controllers\qdetail_vehicledescs_controller.php, line 12]
2009-06-24 10:28:30 Debug: Notice (8): Undefined variable: quotationd in [APP\views\qdetail_vehicledescs\index.ctp, line 15]
2009-06-24 10:28:30 Debug: Notice (8): Undefined variable: quotationd in [APP\views\qdetail_vehicledescs\index.ctp, line 16]
2009-06-24 10:29:42 Debug: Notice (8): Undefined variable: quotationd in [APP\views\qdetail_vehicledescs\index.ctp, line 15]
2009-06-24 10:29:42 Debug: Notice (8): Undefined variable: quotationd in [APP\views\qdetail_vehicledescs\index.ctp, line 16]
2009-06-24 10:30:20 Debug: Notice (8): Undefined variable: quotationd in [APP\views\qdetail_vehicledescs\index.ctp, line 15]
2009-06-24 10:30:20 Debug: Notice (8): Undefined variable: quotationd in [APP\views\qdetail_vehicledescs\index.ctp, line 16]
2009-06-24 10:35:46 Debug: Notice (8): Undefined variable: quotationd in [APP\views\qdetail_vehicledescs\index.ctp, line 18]
2009-06-24 10:36:00 Debug: Notice (8): Undefined variable: quotationd in [APP\views\qdetail_vehicledescs\index.ctp, line 18]
2009-06-24 10:37:41 Debug: Notice (8): Undefined variable: quotationd in [APP\views\qdetail_vehicledescs\index.ctp, line 18]
2009-06-24 10:38:25 Debug: Notice (8): Undefined variable: quotationd in [APP\views\qdetail_vehicledescs\index.ctp, line 18]
2009-06-24 10:39:17 Debug: Notice (8): Undefined variable: quotationd in [APP\views\qdetail_vehicledescs\index.ctp, line 18]
2009-06-24 10:40:11 Debug: Notice (8): Undefined variable: quotationd in [APP\views\qdetail_vehicledescs\index.ctp, line 18]
2009-06-24 10:40:45 Debug: Notice (8): Undefined variable: quotationd in [APP\views\qdetail_vehicledescs\index.ctp, line 18]
2009-06-24 11:06:21 Debug: Notice (8): Undefined property:  QuotationsController::$Vehicle in [APP\controllers\quotations_controller.php, line 76]
2009-06-24 11:08:23 Debug: Notice (8): Undefined variable: data in [APP\views\quotations\add.ctp, line 6]
2009-06-24 11:13:55 Debug: Notice (8): Undefined variable: data in [APP\views\quotations\add.ctp, line 6]
2009-06-24 12:06:33 Debug: Notice (8): Undefined index:  Vehicle in [APP\views\quotations\index.ctp, line 74]
2009-06-24 12:06:33 Debug: Notice (8): Undefined index:  Vehicle in [APP\views\quotations\index.ctp, line 75]
2009-06-24 12:06:33 Debug: Notice (8): Undefined index:  VehicleModel in [APP\views\quotations\index.ctp, line 76]
2009-06-24 12:10:15 Debug: Notice (8): Undefined index:  Vehicle in [APP\views\quotations\index.ctp, line 74]
2009-06-24 12:10:15 Debug: Notice (8): Undefined index:  Vehicle in [APP\views\quotations\index.ctp, line 75]
2009-06-24 12:10:15 Debug: Notice (8): Undefined index:  VehicleModel in [APP\views\quotations\index.ctp, line 76]
2009-06-24 12:13:28 Debug: Notice (8): Undefined variable: qdt in [APP\views\quotations\index.ctp, line 69]
2009-06-24 12:13:43 Debug: Notice (8): Undefined variable: qdt in [APP\views\quotations\index.ctp, line 69]
2009-06-24 12:14:58 Debug: Notice (8): Undefined index:  Vehicle in [APP\views\quotations\index.ctp, line 74]
2009-06-24 12:14:58 Debug: Notice (8): Undefined index:  Vehicle in [APP\views\quotations\index.ctp, line 75]
2009-06-24 12:14:58 Debug: Notice (8): Undefined index:  VehicleModel in [APP\views\quotations\index.ctp, line 76]
2009-06-24 13:13:18 Debug: Notice (8): Undefined variable: vehicle in [APP\views\quotations\add.ctp, line 6]
2009-06-24 13:31:48 Debug: Notice (8): Undefined index:  VEHICLE_CHASSIS_CODE in [APP\views\quotations\add.ctp, line 62]
2009-06-24 14:00:27 Debug: Notice (8): Undefined variable: menu in [APP\views\quotations\add.ctp, line 72]
2009-06-24 14:00:27 Debug: Notice (8): Undefined variable: drop in [APP\views\quotations\add.ctp, line 72]
2009-06-24 14:01:48 Debug: Notice (8): Undefined variable: menu in [APP\views\quotations\add.ctp, line 72]
2009-06-24 14:12:29 Debug: Notice (8): Undefined variable: vehicle in [APP\views\quotations\more.ctp, line 6]
2009-06-24 14:12:29 Debug: Notice (8): Undefined variable: vehicle in [APP\views\quotations\more.ctp, line 13]
2009-06-24 14:12:29 Debug: Notice (8): Undefined variable: vehicleModel in [APP\views\quotations\more.ctp, line 20]
2009-06-24 14:12:31 Debug: Notice (8): Undefined variable: vehicle in [APP\views\quotations\more.ctp, line 6]
2009-06-24 14:12:31 Debug: Notice (8): Undefined variable: vehicle in [APP\views\quotations\more.ctp, line 13]
2009-06-24 14:12:31 Debug: Notice (8): Undefined variable: vehicleModel in [APP\views\quotations\more.ctp, line 20]
2009-06-24 14:12:31 Debug: Notice (8): Undefined variable: vehicle in [APP\views\quotations\more.ctp, line 6]
2009-06-24 14:12:31 Debug: Notice (8): Undefined variable: vehicle in [APP\views\quotations\more.ctp, line 13]
2009-06-24 14:12:31 Debug: Notice (8): Undefined variable: vehicleModel in [APP\views\quotations\more.ctp, line 20]
2009-06-24 14:12:33 Debug: Notice (8): Undefined variable: vehicle in [APP\views\quotations\more.ctp, line 6]
2009-06-24 14:12:33 Debug: Notice (8): Undefined variable: vehicle in [APP\views\quotations\more.ctp, line 13]
2009-06-24 14:12:33 Debug: Notice (8): Undefined variable: vehicleModel in [APP\views\quotations\more.ctp, line 20]
2009-06-24 14:13:36 Debug: Notice (8): Undefined variable: vehicle in [APP\views\quotations\more.ctp, line 6]
2009-06-24 14:13:36 Debug: Notice (8): Undefined variable: vehicle in [APP\views\quotations\more.ctp, line 6]
2009-06-24 14:13:36 Debug: Notice (8): Undefined variable: vehicle in [APP\views\quotations\more.ctp, line 13]
2009-06-24 14:13:36 Debug: Notice (8): Undefined variable: vehicle in [APP\views\quotations\more.ctp, line 13]
2009-06-24 14:13:36 Debug: Notice (8): Undefined variable: vehicleModel in [APP\views\quotations\more.ctp, line 20]
2009-06-24 14:13:36 Debug: Notice (8): Undefined variable: vehicleModel in [APP\views\quotations\more.ctp, line 20]
2009-06-25 09:54:02 Debug: Notice (8): Undefined property:  QuotationsController::$QuotationDetails in [APP\controllers\quotations_controller.php, line 86]
2009-06-25 10:18:14 Debug: Notice (8): Array to string conversion in [CORE\cake\libs\model\datasources\dbo_source.php, line 582]
2009-06-25 11:03:09 Debug: Notice (8): Array to string conversion in [CORE\cake\libs\model\datasources\dbo_source.php, line 582]
2009-06-25 11:03:27 Debug: Notice (8): Undefined offset:  0 in [APP\controllers\quotations_controller.php, line 89]
2009-06-25 11:03:44 Debug: Notice (8): Undefined offset:  0 in [APP\controllers\quotations_controller.php, line 89]
2009-06-25 11:03:53 Debug: Notice (8): Array to string conversion in [CORE\cake\libs\model\datasources\dbo_source.php, line 582]
2009-06-25 11:07:47 Debug: Notice (8): Array to string conversion in [CORE\cake\libs\model\datasources\dbo_source.php, line 582]
2009-06-25 11:08:01 Debug: Notice (8): Array to string conversion in [CORE\cake\libs\model\datasources\dbo_source.php, line 582]
2009-06-25 11:09:03 Debug: Notice (8): Array to string conversion in [CORE\cake\libs\model\datasources\dbo_source.php, line 582]
2009-06-25 11:09:36 Debug: Notice (8): Array to string conversion in [CORE\cake\libs\model\datasources\dbo_source.php, line 582]
2009-06-25 11:21:31 Debug: Notice (8): Undefined index:  vehicle_id in [APP\controllers\quotations_controller.php, line 88]
2009-06-25 11:30:28 Debug: Notice (8): Undefined offset:  0 in [APP\controllers\quotations_controller.php, line 88]
2009-06-25 13:54:34 Debug: Notice (8): Undefined variable: m in [APP\views\quotations\add.ctp, line 13]
2009-06-25 13:55:55 Debug: Notice (8): Undefined variable: ii in [APP\views\quotations\add.ctp, line 14]
2009-06-25 13:56:33 Debug: Notice (8): Undefined variable: ii in [APP\views\quotations\add.ctp, line 14]
2009-06-25 13:57:20 Debug: Notice (8): Undefined variable: ii in [APP\views\quotations\add.ctp, line 13]
2009-06-25 13:58:17 Debug: Notice (8): Undefined variable: m in [APP\views\quotations\add.ctp, line 13]
2009-06-25 14:22:36 Debug: Notice (8): Undefined index:  vehicle_desc_id in [APP\views\quotations\add.ctp, line 121]
2009-06-25 14:22:36 Debug: Notice (8): Undefined index:  vehicle_desc_id in [APP\views\quotations\add.ctp, line 135]
2009-06-25 14:22:47 Debug: Notice (8): Undefined index:  vehicle_desc_id in [APP\views\quotations\add.ctp, line 121]
2009-06-25 14:22:47 Debug: Notice (8): Undefined index:  vehicle_desc_id in [APP\views\quotations\add.ctp, line 135]
2009-06-26 10:01:18 Debug: Notice (8): Use of undefined constant m - assumed 'm' in [APP\views\quotations\add.ctp, line 13]
2009-06-26 10:01:18 Debug: Notice (8): Use of undefined constant i - assumed 'i' in [APP\views\quotations\add.ctp, line 13]
2009-06-26 10:01:21 Debug: Notice (8): Use of undefined constant m - assumed 'm' in [APP\views\quotations\add.ctp, line 13]
2009-06-26 10:01:21 Debug: Notice (8): Use of undefined constant i - assumed 'i' in [APP\views\quotations\add.ctp, line 13]
2009-06-26 10:03:57 Debug: Notice (8): Use of undefined constant m - assumed 'm' in [APP\views\quotations\add.ctp, line 13]
2009-06-26 10:03:57 Debug: Notice (8): Use of undefined constant ii - assumed 'ii' in [APP\views\quotations\add.ctp, line 13]
2009-06-26 10:04:11 Debug: Notice (8): Use of undefined constant m - assumed 'm' in [APP\views\quotations\add.ctp, line 13]
2009-06-26 10:04:11 Debug: Notice (8): Use of undefined constant ii - assumed 'ii' in [APP\views\quotations\add.ctp, line 13]
2009-06-26 10:04:18 Debug: Notice (8): Use of undefined constant m - assumed 'm' in [APP\views\quotations\add.ctp, line 13]
2009-06-26 10:04:18 Debug: Notice (8): Use of undefined constant ii - assumed 'ii' in [APP\views\quotations\add.ctp, line 13]
2009-06-26 10:14:05 Debug: Notice (8): Use of undefined constant m - assumed 'm' in [APP\views\quotations\add.ctp, line 13]
2009-06-26 10:14:05 Debug: Notice (8): Use of undefined constant ii - assumed 'ii' in [APP\views\quotations\add.ctp, line 13]
2009-06-26 10:14:10 Debug: Notice (8): Use of undefined constant m - assumed 'm' in [APP\views\quotations\add.ctp, line 13]
2009-06-26 10:14:10 Debug: Notice (8): Use of undefined constant ii - assumed 'ii' in [APP\views\quotations\add.ctp, line 13]
2009-06-26 10:23:09 Debug: Notice (8): Undefined variable: ii in [APP\views\quotations\add.ctp, line 14]
2009-06-26 12:36:09 Debug: Notice (8): Undefined property:  QuotationsController::$QdetailVehicledesc in [APP\controllers\quotations_controller.php, line 94]
2009-06-26 14:19:48 Debug: Notice (8): Undefined property:  QuotationsController::$QdetailVehicledesc in [APP\controllers\quotations_controller.php, line 106]
2009-06-29 14:24:36 Debug: Notice (8): Undefined variable: qdt in [APP\views\quotations\index.ctp, line 70]
2009-06-29 14:32:21 Debug: Notice (8): Undefined index:  vehicle_id in [APP\views\quotations\index.ctp, line 76]
2009-06-29 14:32:44 Debug: Notice (8): Undefined offset:  0 in [APP\views\quotations\index.ctp, line 76]
2009-06-29 14:33:05 Debug: Notice (8): Undefined index:  vehicle_id in [APP\views\quotations\index.ctp, line 76]
2009-06-29 14:35:05 Debug: Notice (8): Undefined index:  QuotationDetail in [APP\views\quotations\index.ctp, line 51]
2009-06-29 14:35:27 Debug: Notice (8): Undefined index:  QuotationDetail in [APP\views\quotations\index.ctp, line 54]
2009-06-29 14:38:46 Debug: Notice (8): Undefined index:  vahicle_id in [APP\views\quotations\index.ctp, line 54]
2009-06-29 14:40:09 Debug: Notice (8): Undefined index:  QuotationDetail in [APP\views\quotations\index.ctp, line 76]
2009-06-29 14:40:32 Debug: Notice (8): Undefined index:  QuotationDetail in [APP\views\quotations\index.ctp, line 76]
2009-06-29 14:40:53 Debug: Notice (8): Undefined index:  vehicle_id in [APP\views\quotations\index.ctp, line 76]
2009-07-01 08:54:20 Debug: Notice (8): Array to string conversion in [CORE\cake\libs\model\model.php, line 591]
2009-07-01 08:54:20 Debug: Notice (8): Array to string conversion in [CORE\cake\libs\model\model.php, line 634]
2009-07-01 08:54:20 Debug: Notice (8): Array to string conversion in [CORE\cake\libs\inflector.php, line 429]
