2009-06-22 13:28:43 Warning: Warning (512): Cache not configured properly. Please check Cache::config(); in APP/config/core.php in [CORE\cake\libs\configure.php, line 663]
2009-06-22 13:28:43 Warning: Warning (2): array_merge() [<a href='http://php.net/function.array-merge'>function.array-merge</a>]: Argument #1 is not an array in [CORE\cake\libs\configure.php, line 684]
2009-06-22 13:28:43 Warning: Warning (2): array_merge() [<a href='http://php.net/function.array-merge'>function.array-merge</a>]: Argument #1 is not an array in [CORE\cake\libs\configure.php, line 691]
2009-06-22 13:28:52 Warning: Warning (512): Cache not configured properly. Please check Cache::config(); in APP/config/core.php in [CORE\cake\libs\configure.php, line 663]
2009-06-22 13:28:52 Warning: Warning (2): array_merge() [<a href='http://php.net/function.array-merge'>function.array-merge</a>]: Argument #1 is not an array in [CORE\cake\libs\configure.php, line 684]
2009-06-22 13:28:52 Warning: Warning (2): array_merge() [<a href='http://php.net/function.array-merge'>function.array-merge</a>]: Argument #1 is not an array in [CORE\cake\libs\configure.php, line 691]
2009-06-22 13:28:58 Warning: Warning (512): Cache not configured properly. Please check Cache::config(); in APP/config/core.php in [CORE\cake\libs\configure.php, line 663]
2009-06-22 13:28:58 Warning: Warning (2): array_merge() [<a href='http://php.net/function.array-merge'>function.array-merge</a>]: Argument #1 is not an array in [CORE\cake\libs\configure.php, line 684]
2009-06-22 13:28:58 Warning: Warning (2): array_merge() [<a href='http://php.net/function.array-merge'>function.array-merge</a>]: Argument #1 is not an array in [CORE\cake\libs\configure.php, line 691]
2009-06-22 13:29:19 Warning: Warning (512): Cache not configured properly. Please check Cache::config(); in APP/config/core.php in [CORE\cake\libs\configure.php, line 663]
2009-06-22 13:29:19 Warning: Warning (2): array_merge() [<a href='http://php.net/function.array-merge'>function.array-merge</a>]: Argument #1 is not an array in [CORE\cake\libs\configure.php, line 684]
2009-06-22 13:29:19 Warning: Warning (2): array_merge() [<a href='http://php.net/function.array-merge'>function.array-merge</a>]: Argument #1 is not an array in [CORE\cake\libs\configure.php, line 691]
2009-06-23 06:44:41 Warning: Warning (2): Invalid argument supplied for foreach() in [APP\views\vehicle_categories\index.ctp, line 5]
2009-06-23 07:40:53 Warning: Warning (2): unlink(C:\xampp\htdocs\hnsauto\app\tmp\cache\persistent\cake_core_dir_map) [<a href='http://php.net/function.unlink'>function.unlink</a>]: No such file or directory in [CORE\cake\libs\file.php, line 292]
2009-06-23 07:40:56 Warning: Warning (2): unlink(C:\xampp\htdocs\hnsauto\app\tmp\cache\models\cake_model_default_menus) [<a href='http://php.net/function.unlink'>function.unlink</a>]: Permission denied in [CORE\cake\libs\file.php, line 292]
2009-06-23 07:44:10 Warning: Warning (2): unlink(C:\xampp\htdocs\hnsauto\app\tmp\cache\persistent\cake_core_file_map) [<a href='http://php.net/function.unlink'>function.unlink</a>]: Permission denied in [CORE\cake\libs\file.php, line 292]
2009-06-23 07:44:12 Warning: Warning (2): unlink(C:\xampp\htdocs\hnsauto\app\tmp\cache\models\cake_model_default_127_0_0_1_1521_list) [<a href='http://php.net/function.unlink'>function.unlink</a>]: Permission denied in [CORE\cake\libs\file.php, line 292]
2009-06-23 07:57:48 Warning: Warning (2): Invalid argument supplied for foreach() in [APP\views\quotations\add.ctp, line 17]
2009-06-23 09:11:33 Warning: Warning (2): Invalid argument supplied for foreach() in [APP\views\quotations\add.ctp, line 17]
2009-06-23 09:11:33 Warning: Warning (512): Method FormHelper::labelTag does not exist in [CORE\cake\libs\view\helper.php, line 143]
2009-06-23 09:11:33 Warning: Warning (512): Method HtmlHelper::input does not exist in [CORE\cake\libs\view\helper.php, line 143]
2009-06-23 09:11:33 Warning: Warning (512): Method HtmlHelper::tagErrorMsg does not exist in [CORE\cake\libs\view\helper.php, line 143]
2009-06-23 09:11:33 Warning: Warning (512): Method HtmlHelper::hourOptionTag does not exist in [CORE\cake\libs\view\helper.php, line 143]
2009-06-23 09:11:33 Warning: Warning (512): Method HtmlHelper::minuteOptionTag does not exist in [CORE\cake\libs\view\helper.php, line 143]
2009-06-23 09:11:33 Warning: Warning (512): Method HtmlHelper::meridianOptionTag does not exist in [CORE\cake\libs\view\helper.php, line 143]
2009-06-23 09:11:33 Warning: Warning (512): Method HtmlHelper::checkbox does not exist in [CORE\cake\libs\view\helper.php, line 143]
2009-06-23 09:12:18 Warning: Warning (2): Invalid argument supplied for foreach() in [APP\views\quotations\add.ctp, line 17]
2009-06-23 09:12:18 Warning: Warning (512): Method FormHelper::labelTag does not exist in [CORE\cake\libs\view\helper.php, line 143]
2009-06-23 09:12:18 Warning: Warning (512): Method HtmlHelper::input does not exist in [CORE\cake\libs\view\helper.php, line 143]
2009-06-23 09:12:18 Warning: Warning (512): Method HtmlHelper::tagErrorMsg does not exist in [CORE\cake\libs\view\helper.php, line 143]
2009-06-23 09:12:40 Warning: Warning (2): Invalid argument supplied for foreach() in [APP\views\quotations\add.ctp, line 17]
2009-06-23 09:12:40 Warning: Warning (512): Method HtmlHelper::input does not exist in [CORE\cake\libs\view\helper.php, line 143]
2009-06-23 09:13:04 Warning: Warning (2): Invalid argument supplied for foreach() in [APP\views\quotations\add.ctp, line 17]
2009-06-23 09:13:22 Warning: Warning (2): Invalid argument supplied for foreach() in [APP\views\quotations\add.ctp, line 17]
2009-06-23 09:14:52 Warning: Warning (2): Invalid argument supplied for foreach() in [APP\views\quotations\add.ctp, line 17]
2009-06-23 09:14:52 Warning: Warning (512): Method FormHelper::labelTag does not exist in [CORE\cake\libs\view\helper.php, line 143]
2009-06-23 09:14:52 Warning: Warning (512): Method HtmlHelper::input does not exist in [CORE\cake\libs\view\helper.php, line 143]
2009-06-23 09:15:07 Warning: Warning (2): Invalid argument supplied for foreach() in [APP\views\quotations\add.ctp, line 17]
2009-06-23 09:15:07 Warning: Warning (512): Method FormHelper::labelTag does not exist in [CORE\cake\libs\view\helper.php, line 143]
2009-06-23 09:15:23 Warning: Warning (2): Invalid argument supplied for foreach() in [APP\views\quotations\add.ctp, line 17]
2009-06-23 09:18:28 Warning: Warning (2): Invalid argument supplied for foreach() in [APP\views\quotations\add.ctp, line 17]
2009-06-23 09:20:40 Warning: Warning (2): Invalid argument supplied for foreach() in [APP\views\quotations\add.ctp, line 17]
2009-06-23 09:30:25 Warning: Warning (2): Invalid argument supplied for foreach() in [APP\views\quotations\add.ctp, line 17]
2009-06-23 11:09:41 Warning: Warning (512): <span style = "color:Red;text-align:left"><b>SQL Error:</b> ORA-00904: "QUOTATIONDETAIL"."QUOTATION_ID": invalid identifier</span> in [CORE\cake\libs\model\datasources\dbo_source.php, line 525]
2009-06-23 11:09:41 Warning: Warning (2): Invalid argument supplied for foreach() in [APP\views\quotation_details\index.ctp, line 28]
2009-06-23 11:11:09 Warning: Warning (512): <span style = "color:Red;text-align:left"><b>SQL Error:</b> ORA-00904: "QUOTATIONDETAIL"."QUOTATION_ID": invalid identifier</span> in [CORE\cake\libs\model\datasources\dbo_source.php, line 525]
2009-06-23 11:11:26 Warning: Warning (512): <span style = "color:Red;text-align:left"><b>SQL Error:</b> ORA-00904: "QUOTATIONDETAIL"."QUOTATION_ID": invalid identifier</span> in [CORE\cake\libs\model\datasources\dbo_source.php, line 525]
2009-06-23 11:11:26 Warning: Warning (2): Invalid argument supplied for foreach() in [APP\views\quotation_details\index.ctp, line 28]
2009-06-23 11:12:06 Warning: Warning (512): <span style = "color:Red;text-align:left"><b>SQL Error:</b> ORA-00904: "QUOTATIONDETAIL"."QUOTATION_ID": invalid identifier</span> in [CORE\cake\libs\model\datasources\dbo_source.php, line 525]
2009-06-23 11:12:06 Warning: Warning (2): Invalid argument supplied for foreach() in [APP\views\quotation_details\index.ctp, line 28]
2009-06-23 11:19:02 Warning: Warning (512): <span style = "color:Red;text-align:left"><b>SQL Error:</b> ORA-00904: "QUOTATIONDETAIL"."QUOTATION_ID": invalid identifier</span> in [CORE\cake\libs\model\datasources\dbo_source.php, line 525]
2009-06-23 11:19:02 Warning: Warning (2): Invalid argument supplied for foreach() in [APP\views\quotation_details\index.ctp, line 26]
2009-06-23 11:20:00 Warning: Warning (512): <span style = "color:Red;text-align:left"><b>SQL Error:</b> ORA-00904: "QUOTATIONDETAIL"."QUOTATION_ID": invalid identifier</span> in [CORE\cake\libs\model\datasources\dbo_source.php, line 525]
2009-06-23 11:20:00 Warning: Warning (2): Invalid argument supplied for foreach() in [APP\views\quotation_details\index.ctp, line 26]
2009-06-23 11:20:19 Warning: Warning (512): <span style = "color:Red;text-align:left"><b>SQL Error:</b> ORA-00904: "QUOTATIONDETAIL"."QUOTATION_ID": invalid identifier</span> in [CORE\cake\libs\model\datasources\dbo_source.php, line 525]
2009-06-23 11:20:19 Warning: Warning (2): Invalid argument supplied for foreach() in [APP\views\quotation_details\index.ctp, line 26]
2009-06-23 11:21:32 Warning: Warning (512): <span style = "color:Red;text-align:left"><b>SQL Error:</b> ORA-00904: "QUOTATIONDETAIL"."QUOTATION_ID": invalid identifier</span> in [CORE\cake\libs\model\datasources\dbo_source.php, line 525]
2009-06-23 11:21:32 Warning: Warning (2): Invalid argument supplied for foreach() in [APP\views\quotation_details\index.ctp, line 26]
2009-06-23 11:22:10 Warning: Warning (512): <span style = "color:Red;text-align:left"><b>SQL Error:</b> ORA-00904: "QUOTATIONDETAIL"."QUOTATION_DETAILS_ID": invalid identifier</span> in [CORE\cake\libs\model\datasources\dbo_source.php, line 525]
2009-06-23 11:22:10 Warning: Warning (2): Invalid argument supplied for foreach() in [APP\views\quotation_details\index.ctp, line 26]
2009-06-23 11:23:33 Warning: Warning (512): <span style = "color:Red;text-align:left"><b>SQL Error:</b> ORA-00904: "QUOTATIONDETAIL"."QUOTATION_DETAILS_ID": invalid identifier</span> in [CORE\cake\libs\model\datasources\dbo_source.php, line 525]
2009-06-23 11:23:33 Warning: Warning (2): Invalid argument supplied for foreach() in [APP\views\quotation_details\index.ctp, line 26]
2009-06-23 11:23:41 Warning: Warning (512): <span style = "color:Red;text-align:left"><b>SQL Error:</b> ORA-00904: "QUOTATIONDETAIL"."QUOTATION_DETAILS_ID": invalid identifier</span> in [CORE\cake\libs\model\datasources\dbo_source.php, line 525]
2009-06-23 11:23:41 Warning: Warning (2): Invalid argument supplied for foreach() in [APP\views\quotation_details\index.ctp, line 26]
2009-06-23 11:23:41 Warning: Warning (512): <span style = "color:Red;text-align:left"><b>SQL Error:</b> ORA-00904: "QUOTATIONDETAIL"."QUOTATION_DETAILS_ID": invalid identifier</span> in [CORE\cake\libs\model\datasources\dbo_source.php, line 525]
2009-06-23 11:23:42 Warning: Warning (2): Invalid argument supplied for foreach() in [APP\views\quotation_details\index.ctp, line 26]
2009-06-23 11:23:42 Warning: Warning (512): <span style = "color:Red;text-align:left"><b>SQL Error:</b> ORA-00904: "QUOTATIONDETAIL"."QUOTATION_DETAILS_ID": invalid identifier</span> in [CORE\cake\libs\model\datasources\dbo_source.php, line 525]
2009-06-23 11:23:42 Warning: Warning (2): Invalid argument supplied for foreach() in [APP\views\quotation_details\index.ctp, line 26]
2009-06-23 11:23:42 Warning: Warning (512): <span style = "color:Red;text-align:left"><b>SQL Error:</b> ORA-00904: "QUOTATIONDETAIL"."QUOTATION_DETAILS_ID": invalid identifier</span> in [CORE\cake\libs\model\datasources\dbo_source.php, line 525]
2009-06-23 11:23:42 Warning: Warning (2): Invalid argument supplied for foreach() in [APP\views\quotation_details\index.ctp, line 26]
2009-06-23 11:23:42 Warning: Warning (512): <span style = "color:Red;text-align:left"><b>SQL Error:</b> ORA-00904: "QUOTATIONDETAIL"."QUOTATION_DETAILS_ID": invalid identifier</span> in [CORE\cake\libs\model\datasources\dbo_source.php, line 525]
2009-06-23 11:23:42 Warning: Warning (2): Invalid argument supplied for foreach() in [APP\views\quotation_details\index.ctp, line 26]
2009-06-23 11:24:37 Warning: Warning (512): <span style = "color:Red;text-align:left"><b>SQL Error:</b> ORA-00904: "QUOTATIONDETAIL"."QUOTATION_DETAILS_ID": invalid identifier</span> in [CORE\cake\libs\model\datasources\dbo_source.php, line 525]
2009-06-23 11:24:38 Warning: Warning (2): Invalid argument supplied for foreach() in [APP\views\quotation_details\index.ctp, line 26]
2009-06-23 11:28:00 Warning: Warning (512): <span style = "color:Red;text-align:left"><b>SQL Error:</b> ORA-00904: "QUOTATIONDETAIL"."QUOTATION_DETAILS_ID": invalid identifier</span> in [CORE\cake\libs\model\datasources\dbo_source.php, line 525]
2009-06-23 11:28:00 Warning: Warning (2): Invalid argument supplied for foreach() in [APP\views\quotation_details\index.ctp, line 26]
2009-06-23 12:48:49 Warning: Warning (512): <span style = "color:Red;text-align:left"><b>SQL Error:</b> ORA-00904: "QUOTATION"."SUPPLIER_ID": invalid identifier</span> in [CORE\cake\libs\model\datasources\dbo_source.php, line 525]
2009-06-23 12:48:50 Warning: Warning (2): Invalid argument supplied for foreach() in [APP\views\quotations\index.ctp, line 44]
2009-06-23 12:49:32 Warning: Warning (512): <span style = "color:Red;text-align:left"><b>SQL Error:</b> ORA-00904: "QUOTATION"."SUPPLIER_ID": invalid identifier</span> in [CORE\cake\libs\model\datasources\dbo_source.php, line 525]
2009-06-23 12:49:32 Warning: Warning (2): Invalid argument supplied for foreach() in [APP\views\quotations\index.ctp, line 44]
2009-06-23 12:51:13 Warning: Warning (512): <span style = "color:Red;text-align:left"><b>SQL Error:</b> ORA-00904: "QUOTATION"."VEHICLE_MODEL_ID": invalid identifier</span> in [CORE\cake\libs\model\datasources\dbo_source.php, line 525]
2009-06-23 12:51:13 Warning: Warning (2): Invalid argument supplied for foreach() in [APP\views\quotations\index.ctp, line 44]
2009-06-23 13:14:11 Warning: Warning (512): <span style = "color:Red;text-align:left"><b>SQL Error:</b> ORA-00904: "QUOTATION"."VEHICLE_MODEL_ID": invalid identifier</span> in [CORE\cake\libs\model\datasources\dbo_source.php, line 525]
2009-06-23 13:14:11 Warning: Warning (2): Invalid argument supplied for foreach() in [APP\views\quotations\index.ctp, line 44]
2009-06-23 14:28:28 Warning: Warning (512): <span style = "color:Red;text-align:left"><b>SQL Error:</b> ORA-00904: "QUOTATION"."VEHICLE_ID": invalid identifier</span> in [CORE\cake\libs\model\datasources\dbo_source.php, line 525]
2009-06-23 14:28:28 Warning: Warning (2): Invalid argument supplied for foreach() in [APP\views\quotations\index.ctp, line 44]
2009-06-23 14:33:04 Warning: Warning (512): <span style = "color:Red;text-align:left"><b>SQL Error:</b> ORA-00904: "QUOTATION"."VEHICLE_MODEL_ID": invalid identifier</span> in [CORE\cake\libs\model\datasources\dbo_source.php, line 525]
2009-06-23 14:33:04 Warning: Warning (2): Invalid argument supplied for foreach() in [APP\views\quotations\index.ctp, line 44]
2009-06-23 14:39:58 Warning: Warning (512): <span style = "color:Red;text-align:left"><b>SQL Error:</b> ORA-00904: "QUOTATIONDETAIL"."VEHICLE_MODEL_ID": invalid identifier</span> in [CORE\cake\libs\model\datasources\dbo_source.php, line 525]
2009-06-23 14:39:59 Warning: Warning (2): Invalid argument supplied for foreach() in [APP\views\quotation_details\index.ctp, line 26]
2009-06-23 14:39:59 Warning: Warning (512): <span style = "color:Red;text-align:left"><b>SQL Error:</b> ORA-00904: "QUOTATIONDETAIL"."VEHICLE_MODEL_ID": invalid identifier</span> in [CORE\cake\libs\model\datasources\dbo_source.php, line 525]
2009-06-23 14:39:59 Warning: Warning (2): Invalid argument supplied for foreach() in [APP\views\quotation_details\index.ctp, line 26]
2009-06-24 06:22:50 Warning: Warning (512): <span style = "color:Red;text-align:left"><b>SQL Error:</b> ORA-00904: "QUOTATION"."QUOTATION_DETAILS_ID": invalid identifier</span> in [CORE\cake\libs\model\datasources\dbo_source.php, line 525]
2009-06-24 06:22:50 Warning: Warning (2): Invalid argument supplied for foreach() in [APP\views\quotations\index.ctp, line 44]
2009-06-24 07:07:46 Warning: Warning (512): <span style = "color:Red;text-align:left"><b>SQL Error:</b> ORA-00920: invalid relational operator</span> in [CORE\cake\libs\model\datasources\dbo_source.php, line 525]
2009-06-24 07:09:18 Warning: Warning (512): <span style = "color:Red;text-align:left"><b>SQL Error:</b> ORA-00936: missing expression</span> in [CORE\cake\libs\model\datasources\dbo_source.php, line 525]
2009-06-24 07:13:56 Warning: Warning (512): <span style = "color:Red;text-align:left"><b>SQL Error:</b> ORA-00936: missing expression</span> in [CORE\cake\libs\model\datasources\dbo_source.php, line 525]
2009-06-24 07:14:07 Warning: Warning (512): <span style = "color:Red;text-align:left"><b>SQL Error:</b> ORA-00936: missing expression</span> in [CORE\cake\libs\model\datasources\dbo_source.php, line 525]
2009-06-24 07:14:26 Warning: Warning (512): <span style = "color:Red;text-align:left"><b>SQL Error:</b> ORA-00936: missing expression</span> in [CORE\cake\libs\model\datasources\dbo_source.php, line 525]
2009-06-24 07:18:08 Warning: Warning (2): unlink(C:\xampp\htdocs\hnsauto\app\tmp\cache\persistent\cake_core_default_en_us) [<a href='http://php.net/function.unlink'>function.unlink</a>]: No such file or directory in [CORE\cake\libs\file.php, line 292]
2009-06-24 09:40:42 Warning: Warning (512): <span style = "color:Red;text-align:left"><b>SQL Error:</b> ORA-00904: "QUOTATIONDETAIL"."QDETAIL_VEHICLEDESC_ID": invalid identifier</span> in [CORE\cake\libs\model\datasources\dbo_source.php, line 525]
2009-06-24 09:40:42 Warning: Warning (2): Invalid argument supplied for foreach() in [APP\views\quotation_details\index.ctp, line 26]
2009-06-24 09:44:20 Warning: Warning (512): <span style = "color:Red;text-align:left"><b>SQL Error:</b> ORA-00904: "QUOTATIONDETAIL"."QDETAIL_VEHICLEDESC_ID": invalid identifier</span> in [CORE\cake\libs\model\datasources\dbo_source.php, line 525]
2009-06-24 09:44:20 Warning: Warning (2): Invalid argument supplied for foreach() in [APP\views\quotation_details\index.ctp, line 26]
2009-06-24 10:24:02 Warning: Warning (512): <span style = "color:Red;text-align:left"><b>SQL Error:</b> ORA-12516: TNS:listener could not find available handler with matching protocol stack</span> in [CORE\cake\libs\model\datasources\dbo_source.php, line 525]
2009-06-24 10:24:02 Warning: Warning (2): unlink(C:\xampp\htdocs\hnsauto\app\tmp\cache\models\cake_model_default_menus) [<a href='http://php.net/function.unlink'>function.unlink</a>]: Permission denied in [CORE\cake\libs\file.php, line 292]
2009-06-24 10:24:02 Warning: Warning (2): fopen(C:\xampp\htdocs\hnsauto\app\tmp\cache\models\cake_model_default_127_0_0_1_1521_list) [<a href='http://php.net/function.fopen'>function.fopen</a>]: failed to open stream: Permission denied in [CORE\cake\libs\file.php, line 156]
2009-06-24 10:24:02 Warning: Warning (512): <span style = "color:Red;text-align:left"><b>SQL Error:</b> ORA-12516: TNS:listener could not find available handler with matching protocol stack</span> in [CORE\cake\libs\model\datasources\dbo_source.php, line 525]
2009-06-24 10:24:02 Warning: Warning (512): <span style = "color:Red;text-align:left"><b>SQL Error:</b> ORA-12516: TNS:listener could not find available handler with matching protocol stack</span> in [CORE\cake\libs\model\datasources\dbo_source.php, line 525]
2009-06-24 10:24:02 Warning: Warning (512): <span style = "color:Red;text-align:left"><b>SQL Error:</b> ORA-12516: TNS:listener could not find available handler with matching protocol stack</span> in [CORE\cake\libs\model\datasources\dbo_source.php, line 525]
2009-06-24 10:24:02 Warning: Warning (512): <span style = "color:Red;text-align:left"><b>SQL Error:</b> ORA-12516: TNS:listener could not find available handler with matching protocol stack</span> in [CORE\cake\libs\model\datasources\dbo_source.php, line 525]
2009-06-24 10:24:02 Warning: Warning (2): unlink(C:\xampp\htdocs\hnsauto\app\tmp\cache\models\cake_model_default_menus) [<a href='http://php.net/function.unlink'>function.unlink</a>]: Permission denied in [CORE\cake\libs\file.php, line 292]
2009-06-24 10:24:02 Warning: Warning (512): <span style = "color:Red;text-align:left"><b>SQL Error:</b> ORA-12516: TNS:listener could not find available handler with matching protocol stack</span> in [CORE\cake\libs\model\datasources\dbo_source.php, line 525]
2009-06-24 10:28:30 Warning: Warning (2): Invalid argument supplied for foreach() in [APP\views\qdetail_vehicledescs\index.ctp, line 16]
2009-06-24 10:29:42 Warning: Warning (512): <span style = "color:Red;text-align:left"><b>SQL Error:</b> ORA-00904: "QDETAILVEHICLEDESC"."VEHICLE_DESC_ID": invalid identifier</span> in [CORE\cake\libs\model\datasources\dbo_source.php, line 525]
2009-06-24 10:29:42 Warning: Warning (2): Invalid argument supplied for foreach() in [APP\views\qdetail_vehicledescs\index.ctp, line 16]
2009-06-24 10:30:20 Warning: Warning (2): Invalid argument supplied for foreach() in [APP\views\qdetail_vehicledescs\index.ctp, line 16]
2009-06-24 10:35:46 Warning: Warning (2): Invalid argument supplied for foreach() in [APP\views\qdetail_vehicledescs\index.ctp, line 18]
2009-06-24 10:36:00 Warning: Warning (2): Invalid argument supplied for foreach() in [APP\views\qdetail_vehicledescs\index.ctp, line 18]
2009-06-24 10:37:41 Warning: Warning (512): <span style = "color:Red;text-align:left"><b>SQL Error:</b> ORA-00904: "VEHICLE_DESCS"."QDETAIL_VEHICLEDESC_ID": invalid identifier</span> in [CORE\cake\libs\model\datasources\dbo_source.php, line 525]
2009-06-24 10:37:41 Warning: Warning (2): array_merge() [<a href='http://php.net/function.array-merge'>function.array-merge</a>]: Argument #2 is not an array in [CORE\cake\libs\model\datasources\dbo\dbo_oracle.php, line 981]
2009-06-24 10:37:41 Warning: Warning (2): Invalid argument supplied for foreach() in [CORE\cake\libs\model\datasources\dbo_source.php, line 915]
2009-06-24 10:37:41 Warning: Warning (2): Invalid argument supplied for foreach() in [APP\views\qdetail_vehicledescs\index.ctp, line 18]
2009-06-24 10:38:24 Warning: Warning (512): <span style = "color:Red;text-align:left"><b>SQL Error:</b> ORA-00904: "VEHICLE_DESCS"."QDETAIL_VEHICLEDESC_ID": invalid identifier</span> in [CORE\cake\libs\model\datasources\dbo_source.php, line 525]
2009-06-24 10:38:24 Warning: Warning (2): array_merge() [<a href='http://php.net/function.array-merge'>function.array-merge</a>]: Argument #2 is not an array in [CORE\cake\libs\model\datasources\dbo\dbo_oracle.php, line 981]
2009-06-24 10:38:25 Warning: Warning (2): Invalid argument supplied for foreach() in [CORE\cake\libs\model\datasources\dbo_source.php, line 915]
2009-06-24 10:38:25 Warning: Warning (2): Invalid argument supplied for foreach() in [APP\views\qdetail_vehicledescs\index.ctp, line 18]
2009-06-24 10:39:17 Warning: Warning (512): <span style = "color:Red;text-align:left"><b>SQL Error:</b> ORA-00904: "VEHICLEDESC"."ID": invalid identifier</span> in [CORE\cake\libs\model\datasources\dbo_source.php, line 525]
2009-06-24 10:39:17 Warning: Warning (2): Invalid argument supplied for foreach() in [APP\views\qdetail_vehicledescs\index.ctp, line 18]
2009-06-24 10:40:11 Warning: Warning (512): <span style = "color:Red;text-align:left"><b>SQL Error:</b> ORA-00904: "VEHICLE_DESCS"."QDETAIL_VEHICLEDESC_ID": invalid identifier</span> in [CORE\cake\libs\model\datasources\dbo_source.php, line 525]
2009-06-24 10:40:11 Warning: Warning (2): array_merge() [<a href='http://php.net/function.array-merge'>function.array-merge</a>]: Argument #2 is not an array in [CORE\cake\libs\model\datasources\dbo\dbo_oracle.php, line 981]
2009-06-24 10:40:11 Warning: Warning (2): Invalid argument supplied for foreach() in [CORE\cake\libs\model\datasources\dbo_source.php, line 915]
2009-06-24 10:40:11 Warning: Warning (2): Invalid argument supplied for foreach() in [APP\views\qdetail_vehicledescs\index.ctp, line 18]
2009-06-24 10:40:45 Warning: Warning (2): Invalid argument supplied for foreach() in [APP\views\qdetail_vehicledescs\index.ctp, line 18]
2009-06-24 10:44:11 Warning: Warning (512): <span style = "color:Red;text-align:left"><b>SQL Error:</b> ORA-00904: "VEHICLE_DESCS"."QDETAIL_VEHICLEDESC_ID": invalid identifier</span> in [CORE\cake\libs\model\datasources\dbo_source.php, line 525]
2009-06-24 10:44:11 Warning: Warning (2): array_merge() [<a href='http://php.net/function.array-merge'>function.array-merge</a>]: Argument #2 is not an array in [CORE\cake\libs\model\datasources\dbo\dbo_oracle.php, line 981]
2009-06-24 10:44:11 Warning: Warning (2): Invalid argument supplied for foreach() in [CORE\cake\libs\model\datasources\dbo_source.php, line 915]
2009-06-24 10:44:25 Warning: Warning (512): <span style = "color:Red;text-align:left"><b>SQL Error:</b> ORA-00904: "VEHICLE_DESCS"."QDETAIL_VEHICLEDESC_ID": invalid identifier</span> in [CORE\cake\libs\model\datasources\dbo_source.php, line 525]
2009-06-24 10:44:25 Warning: Warning (512): <span style = "color:Red;text-align:left"><b>SQL Error:</b> ORA-00904: "VEHICLE_DESCS"."QDETAIL_VEHICLEDESC_ID": invalid identifier</span> in [CORE\cake\libs\model\datasources\dbo_source.php, line 525]
2009-06-24 10:45:48 Warning: Warning (512): <span style = "color:Red;text-align:left"><b>SQL Error:</b> ORA-00904: "QDETAILVEHICLEDESC"."QUOTATION_DETAIL_ID": invalid identifier</span> in [CORE\cake\libs\model\datasources\dbo_source.php, line 525]
2009-06-24 10:45:48 Warning: Warning (2): array_merge() [<a href='http://php.net/function.array-merge'>function.array-merge</a>]: Argument #2 is not an array in [CORE\cake\libs\model\datasources\dbo\dbo_oracle.php, line 981]
2009-06-24 10:45:48 Warning: Warning (2): Invalid argument supplied for foreach() in [CORE\cake\libs\model\datasources\dbo_source.php, line 915]
2009-06-24 12:13:28 Warning: Warning (2): Invalid argument supplied for foreach() in [APP\views\quotations\index.ctp, line 69]
2009-06-24 12:13:43 Warning: Warning (2): Invalid argument supplied for foreach() in [APP\views\quotations\index.ctp, line 69]
2009-06-24 14:12:29 Warning: Warning (2): Invalid argument supplied for foreach() in [APP\views\quotations\more.ctp, line 6]
2009-06-24 14:12:29 Warning: Warning (2): Invalid argument supplied for foreach() in [APP\views\quotations\more.ctp, line 13]
2009-06-24 14:12:29 Warning: Warning (2): Invalid argument supplied for foreach() in [APP\views\quotations\more.ctp, line 20]
2009-06-24 14:12:31 Warning: Warning (2): Invalid argument supplied for foreach() in [APP\views\quotations\more.ctp, line 6]
2009-06-24 14:12:31 Warning: Warning (2): Invalid argument supplied for foreach() in [APP\views\quotations\more.ctp, line 13]
2009-06-24 14:12:31 Warning: Warning (2): Invalid argument supplied for foreach() in [APP\views\quotations\more.ctp, line 20]
2009-06-24 14:12:31 Warning: Warning (2): Invalid argument supplied for foreach() in [APP\views\quotations\more.ctp, line 6]
2009-06-24 14:12:31 Warning: Warning (2): Invalid argument supplied for foreach() in [APP\views\quotations\more.ctp, line 13]
2009-06-24 14:12:31 Warning: Warning (2): Invalid argument supplied for foreach() in [APP\views\quotations\more.ctp, line 20]
2009-06-24 14:12:33 Warning: Warning (2): Invalid argument supplied for foreach() in [APP\views\quotations\more.ctp, line 6]
2009-06-24 14:12:33 Warning: Warning (2): Invalid argument supplied for foreach() in [APP\views\quotations\more.ctp, line 13]
2009-06-24 14:12:33 Warning: Warning (2): Invalid argument supplied for foreach() in [APP\views\quotations\more.ctp, line 20]
2009-06-24 14:13:36 Warning: Warning (2): Invalid argument supplied for foreach() in [APP\views\quotations\more.ctp, line 6]
2009-06-24 14:13:36 Warning: Warning (2): Invalid argument supplied for foreach() in [APP\views\quotations\more.ctp, line 6]
2009-06-24 14:13:36 Warning: Warning (2): Invalid argument supplied for foreach() in [APP\views\quotations\more.ctp, line 13]
2009-06-24 14:13:36 Warning: Warning (2): Invalid argument supplied for foreach() in [APP\views\quotations\more.ctp, line 13]
2009-06-24 14:13:36 Warning: Warning (2): Invalid argument supplied for foreach() in [APP\views\quotations\more.ctp, line 20]
2009-06-24 14:13:36 Warning: Warning (2): Invalid argument supplied for foreach() in [APP\views\quotations\more.ctp, line 20]
2009-06-24 14:32:19 Warning: Warning (2): unlink(C:\xampp\htdocs\hnsauto\app\tmp\cache\models\cake_model_default_vehicle_categories) [<a href='http://php.net/function.unlink'>function.unlink</a>]: No such file or directory in [CORE\cake\libs\file.php, line 292]
2009-06-24 14:32:19 Warning: Warning (2): unlink(C:\xampp\htdocs\hnsauto\app\tmp\cache\models\cake_model_default_qdetail_vehicledescs) [<a href='http://php.net/function.unlink'>function.unlink</a>]: Permission denied in [CORE\cake\libs\file.php, line 292]
2009-06-24 14:32:19 Warning: Warning (2): unlink(C:\xampp\htdocs\hnsauto\app\tmp\cache\models\cake_model_default_vehicle_descs) [<a href='http://php.net/function.unlink'>function.unlink</a>]: No such file or directory in [CORE\cake\libs\file.php, line 292]
2009-06-24 14:32:19 Warning: Warning (2): unlink(C:\xampp\htdocs\hnsauto\app\tmp\cache\models\cake_model_default_menus) [<a href='http://php.net/function.unlink'>function.unlink</a>]: No such file or directory in [CORE\cake\libs\file.php, line 292]
2009-06-25 06:11:05 Warning: Warning (2): session_regenerate_id() [<a href='http://php.net/function.session-regenerate-id'>function.session-regenerate-id</a>]: Session object destruction failed in [CORE\cake\libs\session.php, line 599]
2009-06-25 10:18:14 Warning: Warning (512): <span style = "color:Red;text-align:left"><b>SQL Error:</b> ORA-00984: column not allowed here</span> in [CORE\cake\libs\model\datasources\dbo_source.php, line 525]
2009-06-25 10:36:58 Warning: Warning (2): Invalid argument supplied for foreach() in [APP\controllers\quotations_controller.php, line 91]
2009-06-25 10:37:39 Warning: Warning (2): Invalid argument supplied for foreach() in [APP\controllers\quotations_controller.php, line 91]
2009-06-25 11:03:09 Warning: Warning (512): <span style = "color:Red;text-align:left"><b>SQL Error:</b> ORA-00984: column not allowed here</span> in [CORE\cake\libs\model\datasources\dbo_source.php, line 525]
2009-06-25 11:03:53 Warning: Warning (512): <span style = "color:Red;text-align:left"><b>SQL Error:</b> ORA-00984: column not allowed here</span> in [CORE\cake\libs\model\datasources\dbo_source.php, line 525]
2009-06-25 11:07:47 Warning: Warning (512): <span style = "color:Red;text-align:left"><b>SQL Error:</b> ORA-00984: column not allowed here</span> in [CORE\cake\libs\model\datasources\dbo_source.php, line 525]
2009-06-25 11:08:01 Warning: Warning (512): <span style = "color:Red;text-align:left"><b>SQL Error:</b> ORA-00984: column not allowed here</span> in [CORE\cake\libs\model\datasources\dbo_source.php, line 525]
2009-06-25 11:09:03 Warning: Warning (512): <span style = "color:Red;text-align:left"><b>SQL Error:</b> ORA-00984: column not allowed here</span> in [CORE\cake\libs\model\datasources\dbo_source.php, line 525]
2009-06-25 11:09:36 Warning: Warning (512): <span style = "color:Red;text-align:left"><b>SQL Error:</b> ORA-00984: column not allowed here</span> in [CORE\cake\libs\model\datasources\dbo_source.php, line 525]
2009-06-25 11:12:36 Warning: Warning (512): <span style = "color:Red;text-align:left"><b>SQL Error:</b> ORA-02291: integrity constraint (HNS1.QUOTATION_DETAILS_FK_1) violated - parent key not found</span> in [CORE\cake\libs\model\datasources\dbo_source.php, line 525]
2009-06-25 11:13:50 Warning: Warning (512): <span style = "color:Red;text-align:left"><b>SQL Error:</b> ORA-02291: integrity constraint (HNS1.QUOTATION_DETAILS_FK_1) violated - parent key not found</span> in [CORE\cake\libs\model\datasources\dbo_source.php, line 525]
2009-06-25 11:16:41 Warning: Warning (512): <span style = "color:Red;text-align:left"><b>SQL Error:</b> ORA-02291: integrity constraint (HNS1.QUOTATION_DETAILS_FK_1) violated - parent key not found</span> in [CORE\cake\libs\model\datasources\dbo_source.php, line 525]
2009-06-25 11:18:15 Warning: Warning (512): <span style = "color:Red;text-align:left"><b>SQL Error:</b> ORA-02291: integrity constraint (HNS1.QUOTATION_DETAILS_FK_1) violated - parent key not found</span> in [CORE\cake\libs\model\datasources\dbo_source.php, line 525]
2009-06-25 11:20:06 Warning: Warning (512): <span style = "color:Red;text-align:left"><b>SQL Error:</b> ORA-02291: integrity constraint (HNS1.QUOTATION_FK) violated - parent key not found</span> in [CORE\cake\libs\model\datasources\dbo_source.php, line 525]
2009-06-25 11:59:26 Warning: Warning (512): <span style = "color:Red;text-align:left"><b>SQL Error:</b> ORA-00904: "QUOTATIONDETAIL"."QUOTATION_DETAILS_ID": invalid identifier</span> in [CORE\cake\libs\model\datasources\dbo_source.php, line 525]
2009-06-25 11:59:26 Warning: Warning (2): array_merge() [<a href='http://php.net/function.array-merge'>function.array-merge</a>]: Argument #2 is not an array in [CORE\cake\libs\model\datasources\dbo\dbo_oracle.php, line 981]
2009-06-25 11:59:26 Warning: Warning (2): Invalid argument supplied for foreach() in [CORE\cake\libs\model\datasources\dbo_source.php, line 915]
2009-06-25 11:59:26 Warning: Warning (2): Invalid argument supplied for foreach() in [APP\views\quotations\index.ctp, line 74]
2009-06-25 12:39:39 Warning: Warning (512): <span style = "color:Red;text-align:left"><b>SQL Error:</b> ORA-00904: "QUOTATIONDETAIL"."QUOTATION_DETAILS_ID": invalid identifier</span> in [CORE\cake\libs\model\datasources\dbo_source.php, line 525]
2009-06-25 12:39:39 Warning: Warning (2): array_merge() [<a href='http://php.net/function.array-merge'>function.array-merge</a>]: Argument #2 is not an array in [CORE\cake\libs\model\datasources\dbo\dbo_oracle.php, line 981]
2009-06-25 12:39:39 Warning: Warning (2): Invalid argument supplied for foreach() in [CORE\cake\libs\model\datasources\dbo_source.php, line 915]
2009-06-25 12:39:39 Warning: Warning (2): Invalid argument supplied for foreach() in [APP\views\quotations\index.ctp, line 74]
2009-06-25 14:22:51 Warning: Warning (512): <span style = "color:Red;text-align:left"><b>SQL Error:</b> ORA-00904: "QUOTATIONDETAIL"."QUOTATION_DETAILS_ID": invalid identifier</span> in [CORE\cake\libs\model\datasources\dbo_source.php, line 525]
2009-06-25 14:22:51 Warning: Warning (2): array_merge() [<a href='http://php.net/function.array-merge'>function.array-merge</a>]: Argument #2 is not an array in [CORE\cake\libs\model\datasources\dbo\dbo_oracle.php, line 981]
2009-06-25 14:22:51 Warning: Warning (2): Invalid argument supplied for foreach() in [CORE\cake\libs\model\datasources\dbo_source.php, line 915]
2009-06-25 14:22:52 Warning: Warning (2): Invalid argument supplied for foreach() in [APP\views\quotations\index.ctp, line 74]
2009-06-25 14:31:53 Warning: Warning (512): <span style = "color:Red;text-align:left"><b>SQL Error:</b> ORA-02291: integrity constraint (HNS1.QUOTATION_FK) violated - parent key not found</span> in [CORE\cake\libs\model\datasources\dbo_source.php, line 525]
2009-06-26 12:40:55 Warning: Warning (512): <span style = "color:Red;text-align:left"><b>SQL Error:</b> ORA-02291: integrity constraint (HNS1.QDETAIL_VEHICLEDESCS_QUOT_FK1) violated - parent key not found</span> in [CORE\cake\libs\model\datasources\dbo_source.php, line 525]
2009-06-26 12:42:46 Warning: Warning (512): <span style = "color:Red;text-align:left"><b>SQL Error:</b> ORA-02291: integrity constraint (HNS1.QDETAIL_VEHICLEDESCS_QUOT_FK1) violated - parent key not found</span> in [CORE\cake\libs\model\datasources\dbo_source.php, line 525]
2009-06-26 12:44:09 Warning: Warning (512): <span style = "color:Red;text-align:left"><b>SQL Error:</b> ORA-02291: integrity constraint (HNS1.QDETAIL_VEHICLEDESCS_QUOT_FK1) violated - parent key not found</span> in [CORE\cake\libs\model\datasources\dbo_source.php, line 525]
2009-06-26 12:45:29 Warning: Warning (512): <span style = "color:Red;text-align:left"><b>SQL Error:</b> ORA-02291: integrity constraint (HNS1.QDETAIL_VEHICLEDESCS_QUOT_FK1) violated - parent key not found</span> in [CORE\cake\libs\model\datasources\dbo_source.php, line 525]
2009-06-26 12:47:22 Warning: Warning (512): <span style = "color:Red;text-align:left"><b>SQL Error:</b> ORA-02291: integrity constraint (HNS1.QDETAIL_VEHICLEDESCS_QUOT_FK1) violated - parent key not found</span> in [CORE\cake\libs\model\datasources\dbo_source.php, line 525]
2009-06-26 12:49:27 Warning: Warning (512): <span style = "color:Red;text-align:left"><b>SQL Error:</b> ORA-02291: integrity constraint (HNS1.QDETAIL_VEHICLEDESCS_QUOT_FK1) violated - parent key not found</span> in [CORE\cake\libs\model\datasources\dbo_source.php, line 525]
2009-06-26 13:00:16 Warning: Warning (512): <span style = "color:Red;text-align:left"><b>SQL Error:</b> ORA-02291: integrity constraint (HNS1.QDETAIL_VEHICLEDESCS_QUOT_FK1) violated - parent key not found</span> in [CORE\cake\libs\model\datasources\dbo_source.php, line 525]
2009-06-26 13:00:57 Warning: Warning (512): <span style = "color:Red;text-align:left"><b>SQL Error:</b> ORA-02291: integrity constraint (HNS1.QDETAIL_VEHICLEDESCS_QUOT_FK1) violated - parent key not found</span> in [CORE\cake\libs\model\datasources\dbo_source.php, line 525]
2009-06-26 13:07:18 Warning: Warning (512): <span style = "color:Red;text-align:left"><b>SQL Error:</b> ORA-02291: integrity constraint (HNS1.QDETAIL_VEHICLEDESCS_QUOT_FK1) violated - parent key not found</span> in [CORE\cake\libs\model\datasources\dbo_source.php, line 525]
2009-06-26 13:08:26 Warning: Warning (512): <span style = "color:Red;text-align:left"><b>SQL Error:</b> ORA-02291: integrity constraint (HNS1.QDETAIL_VEHICLEDESCS_QUOT_FK1) violated - parent key not found</span> in [CORE\cake\libs\model\datasources\dbo_source.php, line 525]
2009-06-26 13:10:51 Warning: Warning (512): <span style = "color:Red;text-align:left"><b>SQL Error:</b> ORA-02291: integrity constraint (HNS1.QDETAIL_VEHICLEDESCS_QUOT_FK1) violated - parent key not found</span> in [CORE\cake\libs\model\datasources\dbo_source.php, line 525]
2009-06-26 13:23:04 Warning: Warning (512): <span style = "color:Red;text-align:left"><b>SQL Error:</b> ORA-02291: integrity constraint (HNS1.QDETAIL_VEHICLEDESCS_QUOT_FK1) violated - parent key not found</span> in [CORE\cake\libs\model\datasources\dbo_source.php, line 525]
2009-06-26 14:22:41 Warning: Warning (512): <span style = "color:Red;text-align:left"><b>SQL Error:</b> ORA-02291: integrity constraint (HNS1.QDETAIL_VEHICLEDESCS_QUOT_FK1) violated - parent key not found</span> in [CORE\cake\libs\model\datasources\dbo_source.php, line 525]
2009-06-29 14:24:36 Warning: Warning (2): Invalid argument supplied for foreach() in [APP\views\quotations\index.ctp, line 70]
2009-07-01 08:45:45 Warning: Warning (2): array_merge() [<a href='http://php.net/function.array-merge'>function.array-merge</a>]: Argument #2 is not an array in [CORE\cake\libs\model\model.php, line 1457]
2009-07-01 08:45:45 Warning: Warning (2): array_merge() [<a href='http://php.net/function.array-merge'>function.array-merge</a>]: Argument #1 is not an array in [CORE\cake\libs\model\model.php, line 1565]
2009-07-01 08:54:20 Warning: Warning (2): Illegal offset type in [CORE\cake\libs\model\model.php, line 589]
2009-07-01 09:22:45 Warning: Warning (2): array_merge() [<a href='http://php.net/function.array-merge'>function.array-merge</a>]: Argument #2 is not an array in [CORE\cake\libs\model\model.php, line 1457]
2009-07-01 09:22:45 Warning: Warning (2): array_merge() [<a href='http://php.net/function.array-merge'>function.array-merge</a>]: Argument #1 is not an array in [CORE\cake\libs\model\model.php, line 1565]
